
Links for 2024-04-07.jpg:
		"imageSource": "https://cdn.jukelyn.com/lR5GhFpckZHKW3BJtp0eDduMjF0=/smart/filters:format(webp)/2024-04-07.jpg",
		"imageSourceSmall": "https://cdn.jukelyn.com/vUImQ6hD_bsY6ppfXk6UWYEs0hE=/400x0/smart/filters:format(webp)/2024-04-07.jpg",
		"imageSourceMedium":"https://cdn.jukelyn.com/P2J2wRNCBkYe1bHHrIYKg8mXCVU=/800x0/smart/filters:format(webp)/2024-04-07.jpg",
		"imageSourceLarge":"https://cdn.jukelyn.com/7WbvsVGOjE3WqMQVTAX_k9e3BNo=/1200x0/smart/filters:format(webp)/2024-04-07.jpg"


Links for 2024-05-04.jpg:
		"imageSource": "https://cdn.jukelyn.com/DIqf-xtzJpyBh9Hn3g54ZbnKhAs=/smart/filters:format(webp)/2024-05-04.jpg",
		"imageSourceSmall": "https://cdn.jukelyn.com/eQirvXrfo3I8y2yBcYFWxapOUAE=/400x0/smart/filters:format(webp)/2024-05-04.jpg",
		"imageSourceMedium":"https://cdn.jukelyn.com/XmeChbZNPfQu2dVwTlLI3FyX3pI=/800x0/smart/filters:format(webp)/2024-05-04.jpg",
		"imageSourceLarge":"https://cdn.jukelyn.com/Jaj8PX4_oiL-i8fHgIzTpb-hbTM=/1200x0/smart/filters:format(webp)/2024-05-04.jpg"


Links for 2024-05-17.jpg:
		"imageSource": "https://cdn.jukelyn.com/MyLpQutsGbxAPx5dB7fLfP57BqY=/smart/filters:format(webp)/2024-05-17.jpg",
		"imageSourceSmall": "https://cdn.jukelyn.com/VvorsjVPaqEEFsHJd4F32ExCcVE=/400x0/smart/filters:format(webp)/2024-05-17.jpg",
		"imageSourceMedium":"https://cdn.jukelyn.com/zkUvxNi3sz22aPAs7xpqRudbRvI=/800x0/smart/filters:format(webp)/2024-05-17.jpg",
		"imageSourceLarge":"https://cdn.jukelyn.com/hds86gjP-lHf3V7cY1W9IX0PPIE=/1200x0/smart/filters:format(webp)/2024-05-17.jpg"


Links for 2024-05-28.jpg:
		"imageSource": "https://cdn.jukelyn.com/Txz3WCEPEkqhbJqJlq47BEocIto=/smart/filters:format(webp)/2024-05-28.jpg",
		"imageSourceSmall": "https://cdn.jukelyn.com/bpcT6IwYTOt0_3C8Ja-Hkh4cvZ4=/400x0/smart/filters:format(webp)/2024-05-28.jpg",
		"imageSourceMedium":"https://cdn.jukelyn.com/PIca4Qv0ZNLK5eRzSPTpiTED66g=/800x0/smart/filters:format(webp)/2024-05-28.jpg",
		"imageSourceLarge":"https://cdn.jukelyn.com/4oI031ZyBUZxlUxNhF6HE33pGzU=/1200x0/smart/filters:format(webp)/2024-05-28.jpg"


Links for 2024-06-06.jpg:
		"imageSource": "https://cdn.jukelyn.com/73myALxsQPF_WD9rNJmQxlgMr3Y=/smart/filters:format(webp)/2024-06-06.jpg",
		"imageSourceSmall": "https://cdn.jukelyn.com/SC72y6vRgd8XJMS308DEBvSgA6o=/400x0/smart/filters:format(webp)/2024-06-06.jpg",
		"imageSourceMedium":"https://cdn.jukelyn.com/H4ydfWoYsNjdWI16-gQKCS4H_zc=/800x0/smart/filters:format(webp)/2024-06-06.jpg",
		"imageSourceLarge":"https://cdn.jukelyn.com/lA9wqsiP269dLVYkzCiRPEHRgmQ=/1200x0/smart/filters:format(webp)/2024-06-06.jpg"


Links for 2024-06-07.jpg:
		"imageSource": "https://cdn.jukelyn.com/JKaEkZQARZNbT0V8DHK2xV8gyWM=/smart/filters:format(webp)/2024-06-07.jpg",
		"imageSourceSmall": "https://cdn.jukelyn.com/s3ghVjQWbYlL5wtijn_Nkr6PycA=/400x0/smart/filters:format(webp)/2024-06-07.jpg",
		"imageSourceMedium":"https://cdn.jukelyn.com/6adGvXhAgVB5e-A2OXMlz3v9Izc=/800x0/smart/filters:format(webp)/2024-06-07.jpg",
		"imageSourceLarge":"https://cdn.jukelyn.com/WWB0_IwxV_GWy4U33GGwnTEmV4Q=/1200x0/smart/filters:format(webp)/2024-06-07.jpg"


Links for 2024-06-21.jpg:
		"imageSource": "https://cdn.jukelyn.com/TFO_kZ6NjgiNI8rRVSyZtkZ3tjw=/smart/filters:format(webp)/2024-06-21.jpg",
		"imageSourceSmall": "https://cdn.jukelyn.com/IoK4BrSFgUG_01MXakDYKhRixZo=/400x0/smart/filters:format(webp)/2024-06-21.jpg",
		"imageSourceMedium":"https://cdn.jukelyn.com/rOsvURHDUlrH8upqTMPwliu_tsA=/800x0/smart/filters:format(webp)/2024-06-21.jpg",
		"imageSourceLarge":"https://cdn.jukelyn.com/ElAdIeRCNNVpZ6BMMOv1OBan-ts=/1200x0/smart/filters:format(webp)/2024-06-21.jpg"


Links for 2024-06-28.jpg:
		"imageSource": "https://cdn.jukelyn.com/sOFSJdkvag46CGMBfOG7jIYNWsQ=/smart/filters:format(webp)/2024-06-28.jpg",
		"imageSourceSmall": "https://cdn.jukelyn.com/1RvhZPfeV4kd_Gjn0bgNU8q2Ong=/400x0/smart/filters:format(webp)/2024-06-28.jpg",
		"imageSourceMedium":"https://cdn.jukelyn.com/5-2pmEzpL8twk0KPiXg4f1HHsqs=/800x0/smart/filters:format(webp)/2024-06-28.jpg",
		"imageSourceLarge":"https://cdn.jukelyn.com/cqlQc9IL1NLuJeuvZAbpWtkAuLI=/1200x0/smart/filters:format(webp)/2024-06-28.jpg"


Links for 2024-07-15.jpg:
		"imageSource": "https://cdn.jukelyn.com/9vqd1jy-26jw4jmT8oVLaS11AUM=/smart/filters:format(webp)/2024-07-15.jpg",
		"imageSourceSmall": "https://cdn.jukelyn.com/0WEIwhNSdRLc6X-I92Y3lFHTNMg=/400x0/smart/filters:format(webp)/2024-07-15.jpg",
		"imageSourceMedium":"https://cdn.jukelyn.com/QiGSBwm0i0ZZYtSljmoJp89tcN8=/800x0/smart/filters:format(webp)/2024-07-15.jpg",
		"imageSourceLarge":"https://cdn.jukelyn.com/ktF6JypSn9oD7XvKutpNOreQ3Uo=/1200x0/smart/filters:format(webp)/2024-07-15.jpg"


Links for 2024-08-02.jpg:
		"imageSource": "https://cdn.jukelyn.com/px4LE1nESYA9CB6cuzd5BGqaiBY=/smart/filters:format(webp)/2024-08-02.jpg",
		"imageSourceSmall": "https://cdn.jukelyn.com/O9qcWNjTLfyKbUwVqOMygmDqjdk=/400x0/smart/filters:format(webp)/2024-08-02.jpg",
		"imageSourceMedium":"https://cdn.jukelyn.com/d3V-5t64z4AN-cZ_y5qQDEXVTbI=/800x0/smart/filters:format(webp)/2024-08-02.jpg",
		"imageSourceLarge":"https://cdn.jukelyn.com/XcUaIKMgExiXHfU45_s_Wop7BTk=/1200x0/smart/filters:format(webp)/2024-08-02.jpg"


Links for 2024-08-13.jpg:
		"imageSource": "https://cdn.jukelyn.com/62I-dNFp_iSrC1-P9FQMtB-fIYU=/smart/filters:format(webp)/2024-08-13.jpg",
		"imageSourceSmall": "https://cdn.jukelyn.com/KD9noNYQqg2KZyz17qew7XHs_iE=/400x0/smart/filters:format(webp)/2024-08-13.jpg",
		"imageSourceMedium":"https://cdn.jukelyn.com/Z2V86Px9KIBAWRHRSOdB_mYYS0A=/800x0/smart/filters:format(webp)/2024-08-13.jpg",
		"imageSourceLarge":"https://cdn.jukelyn.com/4MZGmAxdp8bULHPEKUIk2edK8Ag=/1200x0/smart/filters:format(webp)/2024-08-13.jpg"


Links for 2024-08-26.jpg:
		"imageSource": "https://cdn.jukelyn.com/eisJHpO2zr2jW5P1EIiTHgY-Cdw=/smart/filters:format(webp)/2024-08-26.jpg",
		"imageSourceSmall": "https://cdn.jukelyn.com/a73dD8JO4KNqLOg6m0bQ_SxTeCU=/400x0/smart/filters:format(webp)/2024-08-26.jpg",
		"imageSourceMedium":"https://cdn.jukelyn.com/4VUBPyvk4mQLWw2K_g1tNifsOX4=/800x0/smart/filters:format(webp)/2024-08-26.jpg",
		"imageSourceLarge":"https://cdn.jukelyn.com/a5Mfd9k5Qm_WtJTifmNeajCd6vA=/1200x0/smart/filters:format(webp)/2024-08-26.jpg"


Links for 2024-09-11.jpg:
		"imageSource": "https://cdn.jukelyn.com/pHXMZ7l4F2omuo1pN4j5S4PU7sI=/smart/filters:format(webp)/2024-09-11.jpg",
		"imageSourceSmall": "https://cdn.jukelyn.com/AO-iKZTn_VIujGZqhg763P_bhSc=/400x0/smart/filters:format(webp)/2024-09-11.jpg",
		"imageSourceMedium":"https://cdn.jukelyn.com/EuGZdQI4XLFSM-CMXu45Yj0sn18=/800x0/smart/filters:format(webp)/2024-09-11.jpg",
		"imageSourceLarge":"https://cdn.jukelyn.com/AqZR9q_o6GU_HE4BFlNBE2hMRtg=/1200x0/smart/filters:format(webp)/2024-09-11.jpg"


Links for 2024-10-26.jpg:
		"imageSource": "https://cdn.jukelyn.com/IKl1BvmMrwK1yeL9oEkLmrmw35E=/smart/filters:format(webp)/2024-10-26.jpg",
		"imageSourceSmall": "https://cdn.jukelyn.com/RKK6c6wFut3jsmftR8qEE6dE1Rg=/400x0/smart/filters:format(webp)/2024-10-26.jpg",
		"imageSourceMedium":"https://cdn.jukelyn.com/GxvGYUvn6KfaYEPcb0JfcRy_jOs=/800x0/smart/filters:format(webp)/2024-10-26.jpg",
		"imageSourceLarge":"https://cdn.jukelyn.com/bH7lpBIARv65Bt89UNcl3JRC_Dk=/1200x0/smart/filters:format(webp)/2024-10-26.jpg"


Links for 2024-11-15.jpg:
		"imageSource": "https://cdn.jukelyn.com/NBL9suPaONhrO_Wz3uKUSqfAfUE=/smart/filters:format(webp)/2024-11-15.jpg",
		"imageSourceSmall": "https://cdn.jukelyn.com/8SPhKkCFAj0OnYROBh12Sks7JyQ=/400x0/smart/filters:format(webp)/2024-11-15.jpg",
		"imageSourceMedium":"https://cdn.jukelyn.com/FbmRZNalaQtjRU_l71b8jsInvCI=/800x0/smart/filters:format(webp)/2024-11-15.jpg",
		"imageSourceLarge":"https://cdn.jukelyn.com/X7qbdCTQf-j5mmjjffPbeI2vwUI=/1200x0/smart/filters:format(webp)/2024-11-15.jpg"


Links for 2024-11-26.jpg:
		"imageSource": "https://cdn.jukelyn.com/HsZahxKRaEBUQc-Dx4ypz_7AsyU=/smart/filters:format(webp)/2024-11-26.jpg",
		"imageSourceSmall": "https://cdn.jukelyn.com/dMdc3skr94Z4R1XvRgYfZiKrFZA=/400x0/smart/filters:format(webp)/2024-11-26.jpg",
		"imageSourceMedium":"https://cdn.jukelyn.com/vMrPdAG1EiYzE6IV9aunR8ochT8=/800x0/smart/filters:format(webp)/2024-11-26.jpg",
		"imageSourceLarge":"https://cdn.jukelyn.com/V-zKN3096ne36qLu0GmDhfaVr0M=/1200x0/smart/filters:format(webp)/2024-11-26.jpg"


Links for 2024-11-27.jpg:
		"imageSource": "https://cdn.jukelyn.com/UdYucelLFfKZu9kXKVNPlagt-VA=/smart/filters:format(webp)/2024-11-27.jpg",
		"imageSourceSmall": "https://cdn.jukelyn.com/OKZcLfkbzB_4WI_pjk3Vu7b7Kgg=/400x0/smart/filters:format(webp)/2024-11-27.jpg",
		"imageSourceMedium":"https://cdn.jukelyn.com/kRSahgytMr3x-qa2sBomz1x4XKs=/800x0/smart/filters:format(webp)/2024-11-27.jpg",
		"imageSourceLarge":"https://cdn.jukelyn.com/6rkoHL9Un9bIipwAsIFmpnQpp1Q=/1200x0/smart/filters:format(webp)/2024-11-27.jpg"


Links for 2024-11-28.jpg:
		"imageSource": "https://cdn.jukelyn.com/26HWRCJ5RZe518QiZGeEz6mkOPE=/smart/filters:format(webp)/2024-11-28.jpg",
		"imageSourceSmall": "https://cdn.jukelyn.com/MOM6_MShZ1McbEHOV_R4vEf1n7E=/400x0/smart/filters:format(webp)/2024-11-28.jpg",
		"imageSourceMedium":"https://cdn.jukelyn.com/-iEsIf_EKXCQ2VfXEyZwNHlSXog=/800x0/smart/filters:format(webp)/2024-11-28.jpg",
		"imageSourceLarge":"https://cdn.jukelyn.com/Kpy99t3ddH_obiOZbB4hwgOtXEA=/1200x0/smart/filters:format(webp)/2024-11-28.jpg"


Links for 2024-12-01.jpg:
		"imageSource": "https://cdn.jukelyn.com/B_YUtrt-t7PWruAOrFVYxjbv6jE=/smart/filters:format(webp)/2024-12-01.jpg",
		"imageSourceSmall": "https://cdn.jukelyn.com/JO1DOgmrfQ3pbCbQ866YXcVXTMY=/400x0/smart/filters:format(webp)/2024-12-01.jpg",
		"imageSourceMedium":"https://cdn.jukelyn.com/aKY-NUjPyaXnBJ4Lhli8arwJ8To=/800x0/smart/filters:format(webp)/2024-12-01.jpg",
		"imageSourceLarge":"https://cdn.jukelyn.com/fcW6JZOGYCSkiDUxOsseb1YAfz4=/1200x0/smart/filters:format(webp)/2024-12-01.jpg"


Links for 2024-12-05.jpg:
		"imageSource": "https://cdn.jukelyn.com/tyaAdHVOAqlWa2CEt8cFXrYfV-s=/smart/filters:format(webp)/2024-12-05.jpg",
		"imageSourceSmall": "https://cdn.jukelyn.com/Rrn5J89jSnqWAIRmT_UMUX-PX2Y=/400x0/smart/filters:format(webp)/2024-12-05.jpg",
		"imageSourceMedium":"https://cdn.jukelyn.com/GVVUqD7N7QqYqtOFWbLMdYP9BBQ=/800x0/smart/filters:format(webp)/2024-12-05.jpg",
		"imageSourceLarge":"https://cdn.jukelyn.com/aobqoixQ9Sm-LdOI9lAdiCyD8Pk=/1200x0/smart/filters:format(webp)/2024-12-05.jpg"


Links for 2024-12-07.jpg:
		"imageSource": "https://cdn.jukelyn.com/50qNdCSBkiOaghzJVBko8k7lMJE=/smart/filters:format(webp)/2024-12-07.jpg",
		"imageSourceSmall": "https://cdn.jukelyn.com/qpERVn-l4lQpryvHNGOzr4ZCHeU=/400x0/smart/filters:format(webp)/2024-12-07.jpg",
		"imageSourceMedium":"https://cdn.jukelyn.com/8HWkbMoVx9fbpsBTm55qKeUWbCQ=/800x0/smart/filters:format(webp)/2024-12-07.jpg",
		"imageSourceLarge":"https://cdn.jukelyn.com/YNe6P5sNGUVWMevuOcKdvjV6mMI=/1200x0/smart/filters:format(webp)/2024-12-07.jpg"


Links for 2024-12-25.jpg:
		"imageSource": "https://cdn.jukelyn.com/LVSThfjJwYwsbg5DqB55AcU8GLk=/smart/filters:format(webp)/2024-12-25.jpg",
		"imageSourceSmall": "https://cdn.jukelyn.com/1r9AzxoijwOQOBPyrVjtEcumOZY=/400x0/smart/filters:format(webp)/2024-12-25.jpg",
		"imageSourceMedium":"https://cdn.jukelyn.com/h9DirW9c17bnRjglnMdsk2RmasE=/800x0/smart/filters:format(webp)/2024-12-25.jpg",
		"imageSourceLarge":"https://cdn.jukelyn.com/U4YexvVZHMyhhYpNoG8AfPRqhUc=/1200x0/smart/filters:format(webp)/2024-12-25.jpg"


Links for 2025-01-01.jpg:
		"imageSource": "https://cdn.jukelyn.com/RENBE0jO8edhzlRJjacHRJtDGso=/smart/filters:format(webp)/2025-01-01.jpg",
		"imageSourceSmall": "https://cdn.jukelyn.com/nIE77eFK3tvh7GlFcK2oKxkS03I=/400x0/smart/filters:format(webp)/2025-01-01.jpg",
		"imageSourceMedium":"https://cdn.jukelyn.com/TDc6juVjXBJ9I-5JsOOQo-HoUh4=/800x0/smart/filters:format(webp)/2025-01-01.jpg",
		"imageSourceLarge":"https://cdn.jukelyn.com/3UQBHpM0lSSHck8kYon8d2nMdgQ=/1200x0/smart/filters:format(webp)/2025-01-01.jpg"


Links for 2025-01-08.jpg:
		"imageSource": "https://cdn.jukelyn.com/7-wqNhtaxaAgLI6UtEad9t28dIY=/smart/filters:format(webp)/2025-01-08.jpg",
		"imageSourceSmall": "https://cdn.jukelyn.com/0oTXS1587m49YobdgU8nmPndktI=/400x0/smart/filters:format(webp)/2025-01-08.jpg",
		"imageSourceMedium":"https://cdn.jukelyn.com/Goe00TXZsdNNGFudir4PzDk2Z-8=/800x0/smart/filters:format(webp)/2025-01-08.jpg",
		"imageSourceLarge":"https://cdn.jukelyn.com/oPCJJIHvwxEk2A1jxSpxevSE5hE=/1200x0/smart/filters:format(webp)/2025-01-08.jpg"


Links for 2025-01-21.jpg:
		"imageSource": "https://cdn.jukelyn.com/0y9cx9nCaKG7tc6xA0YvYTEhneg=/smart/filters:format(webp)/2025-01-21.jpg",
		"imageSourceSmall": "https://cdn.jukelyn.com/JiIOM-T2uudtfHRfR8Sg2UDgync=/400x0/smart/filters:format(webp)/2025-01-21.jpg",
		"imageSourceMedium":"https://cdn.jukelyn.com/aC87QYM-OWPyRrVZSjhfFN6ZRgg=/800x0/smart/filters:format(webp)/2025-01-21.jpg",
		"imageSourceLarge":"https://cdn.jukelyn.com/qgGPnBCfkMovZKRG0iT8sMWGwME=/1200x0/smart/filters:format(webp)/2025-01-21.jpg"

